<?xml version="1.0" encoding="UTF-8"?>
<!-- Generated by org.testng.reporters.JUnitReportReporter -->
<testsuite hostname="AvinashWorkspace" failures="0" tests="1" name="Module_TestData_Test.ModuleTD_Testclass" time="9.030" errors="0" timestamp="2023-10-28T15:40:58 IST" skipped="0">
  <testcase classname="Module_TestData_Test.ModuleTD_Testclass" name="verifytabledata" time="9.030"/>
  <system-out/>
</testsuite> <!-- Module_TestData_Test.ModuleTD_Testclass -->
